<?xml version="1.0" encoding="UTF-8"?>
<!-- Generated by org.testng.reporters.JUnitReportReporter -->
<testsuite hostname="DESKTOP-RO3TUDK" failures="0" tests="1" name="com.class1.AlwaysRun" time="0.044" errors="0" timestamp="2020-01-14T19:44:52 EST" skipped="0">
  <testcase classname="com.class1.AlwaysRun" name="testMethod" time="0.044"/>
</testsuite> <!-- com.class1.AlwaysRun -->
