<?xml version="1.0" encoding="UTF-8"?>
<!-- Generated by org.testng.reporters.JUnitReportReporter -->
<testsuite hostname="DESKTOP-RO3TUDK" failures="0" tests="1" name="firsttestngpackage.FirstTestNGFile" time="0.019" errors="0" timestamp="2020-01-11T14:44:31 EST" skipped="0">
  <testcase classname="firsttestngpackage.FirstTestNGFile" name="TestOne" time="0.019"/>
</testsuite> <!-- firsttestngpackage.FirstTestNGFile -->
