<?xml version="1.0" encoding="UTF-8"?>
<!-- Generated by org.testng.reporters.JUnitReportReporter -->
<testsuite hostname="DESKTOP-RO3TUDK" failures="0" tests="1" name="firsttestngpackage.TNHW1" time="16.554" errors="0" timestamp="2020-01-14T17:02:16 EST" skipped="0">
  <testcase classname="firsttestngpackage.TNHW1" name="validLogin" time="16.554"/>
</testsuite> <!-- firsttestngpackage.TNHW1 -->
