<?xml version="1.0" encoding="UTF-8"?>
<!-- Generated by org.testng.reporters.JUnitReportReporter -->
<testsuite hostname="DESKTOP-RO3TUDK" failures="0" tests="3" name="firsttestngpackage.TestNGDemo" time="0.012" errors="0" timestamp="2020-01-11T19:26:20 EST" skipped="0">
  <testcase classname="firsttestngpackage.TestNGDemo" name="testOne" time="0.010"/>
  <testcase classname="firsttestngpackage.TestNGDemo" name="testTwo" time="0.001"/>
  <testcase classname="firsttestngpackage.TestNGDemo" name="testThree" time="0.001"/>
</testsuite> <!-- firsttestngpackage.TestNGDemo -->
