<?xml version="1.0" encoding="UTF-8"?>
<!-- Generated by org.testng.reporters.JUnitReportReporter -->
<testsuite hostname="DESKTOP-RO3TUDK" failures="0" tests="2" name="firsttestngpackage.TaskTwo" time="0.008" errors="0" timestamp="2020-01-11T19:32:42 EST" skipped="0">
  <testcase classname="firsttestngpackage.TaskTwo" name="testZ9" time="0.002"/>
  <testcase classname="firsttestngpackage.TaskTwo" name="testA1" time="0.006"/>
</testsuite> <!-- firsttestngpackage.TaskTwo -->
