<?xml version="1.0" encoding="UTF-8"?>
<!-- Generated by org.testng.reporters.JUnitReportReporter -->
<testsuite hostname="DESKTOP-RO3TUDK" failures="0" tests="1" name="example.NewTest" time="2.404" errors="0" timestamp="18 Jan 2020 02:43:41 GMT">
  <testcase classname="example.NewTest" name="testEasy" time="2.404"/>
</testsuite> <!-- example.NewTest -->
