<?xml version="1.0" encoding="UTF-8"?>
<!-- Generated by org.testng.reporters.JUnitReportReporter -->
<testsuite hostname="DESKTOP-RO3TUDK" failures="0" tests="1" name="com.hrms.testcases.AddEmpTest" time="28.345" errors="0" timestamp="2020-01-25T13:36:25 EST" skipped="0">
  <testcase classname="com.hrms.testcases.AddEmpTest" name="AddEmpValidation" time="28.345"/>
</testsuite> <!-- com.hrms.testcases.AddEmpTest -->
