<?xml version="1.0" encoding="UTF-8"?>
<!-- Generated by org.testng.reporters.JUnitReportReporter -->
<testsuite hostname="DESKTOP-RO3TUDK" failures="0" tests="1" name="com.testcases.LoginPageFailure" time="14.973" errors="0" timestamp="2020-01-18T14:56:19 EST" skipped="0">
  <testcase classname="com.testcases.LoginPageFailure" name="loginFailure" time="14.973"/>
</testsuite> <!-- com.testcases.LoginPageFailure -->
