<?xml version="1.0" encoding="UTF-8"?>
<!-- Generated by org.testng.reporters.JUnitReportReporter -->
<testsuite hostname="DESKTOP-RO3TUDK" failures="0" tests="1" name="com.practice.ExcelPra" time="0.480" errors="0" timestamp="2020-01-23T18:00:59 EST" skipped="0">
  <testcase classname="com.practice.ExcelPra" name="read" time="0.480"/>
</testsuite> <!-- com.practice.ExcelPra -->
