<?xml version="1.0" encoding="UTF-8"?>
<!-- Generated by org.testng.reporters.JUnitReportReporter -->
<testsuite hostname="DESKTOP-RO3TUDK" failures="0" tests="1" name="com.practice.ExcelWriting" time="0.708" errors="0" timestamp="2020-01-23T20:37:32 EST" skipped="0">
  <testcase classname="com.practice.ExcelWriting" name="ExcelWrite" time="0.708"/>
</testsuite> <!-- com.practice.ExcelWriting -->
