<?xml version="1.0" encoding="UTF-8"?>
<!-- Generated by org.testng.reporters.JUnitReportReporter -->
<testsuite hostname="DESKTOP-RO3TUDK" failures="0" tests="1" name="com.testcases.LoginPagesTest" time="17.140" errors="0" timestamp="2020-01-20T22:07:14 EST" skipped="0">
  <testcase classname="com.testcases.LoginPagesTest" name="negativeLogin" time="17.140"/>
</testsuite> <!-- com.testcases.LoginPagesTest -->
